Run Stats for experiment at: 05-23-2016 08:49:06
4014.0
3853.0
3856.0
3935.0
4177.0
4038.0
4128.0
4167.0
4048.0
4082.0
3656.0
3620.0
3990.0
3961.0
4214.0
4311.0
3657.0
3792.0
3689.0
3965.0
3756.0
4131.0
4115.0
3936.0
4109.0
3917.0
3854.0
3875.0
4057.0
4139.0
4110.0
4027.0
3780.0
4193.0
3830.0
4256.0
3993.0
4024.0
4233.0
3666.0
3909.0
4050.0
3960.0
3911.0
4005.0
3896.0
4382.0
4167.0
3990.0
4113.0
3803.0
4148.0
3914.0
4162.0
3962.0
3824.0
4153.0
3909.0
4169.0
3932.0
3932.0
3838.0
4104.0
3939.0
4084.0
4084.0
4324.0
3752.0
4059.0
3659.0
3946.0
3980.0
4178.0
4172.0
3913.0
4429.0
3835.0
3965.0
3992.0
3754.0
3722.0
3932.0
3710.0
3698.0
4074.0
3930.0
4257.0
3961.0
4249.0
4178.0
3635.0
3911.0
3841.0
4362.0
3839.0
4075.0
4060.0
3952.0
3896.0
4055.0
