Run Stats for experiment at: 05-23-2016 10:03:56
3825.0
3903.0
4113.0
3781.0
3932.0
3991.0
3784.0
4037.0
3907.0
3986.0
3954.0
3969.0
3771.0
4167.0
3936.0
4027.0
3900.0
3978.0
4022.0
3867.0
3704.0
3830.0
3671.0
3659.0
3850.0
3774.0
3599.0
4091.0
4202.0
3684.0
3791.0
4115.0
3760.0
3731.0
3722.0
3929.0
3925.0
3489.0
3791.0
3579.0
3950.0
4000.0
4046.0
3905.0
3728.0
3854.0
4081.0
3829.0
3884.0
3956.0
3848.0
3933.0
3858.0
3900.0
3979.0
4041.0
3690.0
3946.0
3974.0
3686.0
4017.0
4044.0
3865.0
3804.0
3731.0
3812.0
3993.0
3706.0
3889.0
4224.0
3615.0
3973.0
4337.0
3851.0
4106.0
3668.0
3822.0
3970.0
3971.0
3624.0
3645.0
4093.0
4008.0
3845.0
3925.0
3949.0
3838.0
3959.0
3403.0
4096.0
4075.0
4196.0
4052.0
3944.0
3657.0
3885.0
3935.0
4078.0
3975.0
3837.0
