Run Stats for experiment at: 04-29-2016 07:56:01
11071.0
11744.0
10903.0
11360.0
10393.0
11678.0
10950.0
11795.0
10793.0
10933.0
11030.0
11668.0
11130.0
11379.0
10276.0
11422.0
11032.0
11718.0
11818.0
11526.0
10732.0
10850.0
11248.0
10944.0
11149.0
11069.0
10239.0
10562.0
11790.0
10598.0
11340.0
11799.0
10533.0
10948.0
11326.0
11398.0
11530.0
11723.0
10489.0
11026.0
11205.0
10964.0
10517.0
10813.0
10816.0
11137.0
11130.0
11286.0
11102.0
10766.0
10624.0
10698.0
11368.0
11732.0
11268.0
11149.0
11393.0
11678.0
10807.0
11575.0
10539.0
11252.0
12306.0
11716.0
10718.0
10932.0
11298.0
10753.0
11155.0
11292.0
10880.0
10557.0
10879.0
10851.0
11555.0
10952.0
11603.0
11440.0
11150.0
11703.0
10310.0
11838.0
11421.0
11370.0
11468.0
10380.0
11182.0
11442.0
11210.0
10946.0
11135.0
10486.0
11774.0
10581.0
11347.0
11493.0
11287.0
11087.0
10332.0
10839.0
Run Stats for experiment at: 04-29-2016 09:35:22
Run Stats for experiment at: 04-29-2016 09:37:30
Run Stats for experiment at: 04-29-2016 09:41:19
Run Stats for experiment at: 04-29-2016 09:44:36
Run Stats for experiment at: 04-29-2016 09:44:57
Run Stats for experiment at: 04-29-2016 09:45:16
Run Stats for experiment at: 04-29-2016 13:03:02
Run Stats for experiment at: 04-29-2016 13:06:22
Run Stats for experiment at: 04-29-2016 13:09:56
Run Stats for experiment at: 04-29-2016 13:11:48
Run Stats for experiment at: 04-29-2016 13:15:09
Run Stats for experiment at: 04-29-2016 13:15:50
Run Stats for experiment at: 04-29-2016 13:19:44
Run Stats for experiment at: 04-29-2016 13:20:49
Run Stats for experiment at: 04-29-2016 13:21:28
10732.0
10511.0
10576.0
10532.0
10060.0
10584.0
11244.0
10997.0
10804.0
10312.0
10321.0
10839.0
10446.0
10670.0
10458.0
10338.0
10360.0
10935.0
10725.0
10701.0
10628.0
10461.0
10326.0
10649.0
10222.0
10476.0
10709.0
10536.0
10399.0
10708.0
10820.0
10593.0
10953.0
10304.0
10882.0
10999.0
10645.0
10872.0
10016.0
10763.0
10806.0
10107.0
10470.0
10807.0
10866.0
10531.0
10738.0
10440.0
10342.0
10535.0
10954.0
10821.0
10546.0
10672.0
10226.0
9939.0
10793.0
10743.0
10804.0
10383.0
10838.0
10544.0
10878.0
10340.0
10738.0
10947.0
10477.0
10350.0
10851.0
10571.0
10868.0
10207.0
10763.0
10174.0
10845.0
10053.0
10866.0
10715.0
10687.0
10487.0
10622.0
10162.0
10640.0
10795.0
10645.0
11108.0
10634.0
10656.0
10739.0
10523.0
10903.0
10338.0
10609.0
10921.0
10679.0
10670.0
10778.0
10340.0
10250.0
10799.0
Run Stats for experiment at: 04-29-2016 13:23:13
10788.0
10251.0
10442.0
10539.0
10857.0
10403.0
10355.0
10605.0
10773.0
10675.0
10344.0
10292.0
10473.0
10922.0
10257.0
10807.0
10564.0
10462.0
10743.0
10835.0
10435.0
10300.0
10465.0
10328.0
9933.0
10137.0
10683.0
10671.0
10860.0
10405.0
10484.0
10419.0
10323.0
10668.0
10208.0
10624.0
10805.0
10315.0
9879.0
10194.0
10962.0
10903.0
10339.0
10291.0
10144.0
10632.0
10341.0
10438.0
10786.0
10624.0
10953.0
10609.0
10526.0
10899.0
10751.0
10580.0
10243.0
10490.0
10831.0
10643.0
10705.0
10230.0
10819.0
10734.0
10899.0
10400.0
11050.0
10424.0
10650.0
10793.0
10601.0
10935.0
10610.0
10474.0
10349.0
10556.0
9544.0
10573.0
10753.0
10604.0
10265.0
10695.0
10348.0
10526.0
10376.0
10974.0
10725.0
10598.0
10517.0
10768.0
10795.0
10016.0
10695.0
10909.0
10616.0
11013.0
10312.0
10934.0
10530.0
10082.0
